Build started 11/18/2012 11:27:55 AM.
     1>Project "C:\Users\Ping\Desktop\OSGCC6\OSGCC6\OSGCC6.vcxproj" on node 2 (Build target(s)).
     1>Link:
         C:\Program Files\Microsoft Visual Studio 11.0\VC\bin\link.exe /ERRORREPORT:PROMPT /OUT:"C:\Users\Ping\Desktop\OSGCC6\OSGCC6\Debug\OSGCC6.exe" /INCREMENTAL /NOLOGO /LIBPATH:C:\Users\Ping\Desktop\OSGCC6\Allegro\lib kernel32.lib user32.lib gdi32.lib winspool.lib comdlg32.lib advapi32.lib shell32.lib ole32.lib oleaut32.lib uuid.lib odbc32.lib odbccp32.lib "allegro-5.0.7-monolith-md-debug.lib" kernel32.lib user32.lib gdi32.lib winspool.lib comdlg32.lib advapi32.lib shell32.lib ole32.lib oleaut32.lib uuid.lib odbc32.lib odbccp32.lib /MANIFEST /MANIFESTUAC:"level='asInvoker' uiAccess='false'" /manifest:embed /DEBUG /PDB:"C:\Users\Ping\Desktop\OSGCC6\OSGCC6\Debug\OSGCC6.pdb" /SUBSYSTEM:CONSOLE /TLBID:1 /DYNAMICBASE /NXCOMPAT /IMPLIB:"C:\Users\Ping\Desktop\OSGCC6\OSGCC6\Debug\OSGCC6.lib" /MACHINE:X86 Debug\Circle.obj
         Debug\DanmakuX.obj
         Debug\Enemy.obj
         Debug\EnemyBullet.obj
         Debug\Item.obj
         Debug\LoadScript.obj
         Debug\MenuItem.obj
         Debug\Player.obj
         Debug\PlayerBullet.obj
         Debug\Rectangle.obj
         Debug\ResourceCache.obj
         Debug\Script.obj
         Debug\Test.obj
         OSGCC6.vcxproj -> C:\Users\Ping\Desktop\OSGCC6\OSGCC6\Debug\OSGCC6.exe
     1>Done Building Project "C:\Users\Ping\Desktop\OSGCC6\OSGCC6\OSGCC6.vcxproj" (Build target(s)).

Build succeeded.

Time Elapsed 00:00:01.37
